#
# A fatal error has been detected by the Java Runtime Environment:
#
#  Internal Error (classFileParser.cpp:3494), pid=8791, tid=4136188736
#  Error: ShouldNotReachHere()
#
# JRE version: 6.0_26-b03
# Java VM: Java HotSpot(TM) Server VM (20.1-b02 mixed mode linux-x86 )
# If you would like to submit a bug report, please visit:
#   http://java.sun.com/webapps/bugreport/crash.jsp
#

---------------  T H R E A D  ---------------

Current thread (0x09eb5400):  JavaThread "Unknown thread" [_thread_in_vm, id=8799, stack(0xf6843000,0xf6894000)]

Stack: [0xf6843000,0xf6894000],  sp=0xf6892790,  free space=317k
Native frames: (J=compiled Java code, j=interpreted, Vv=VM code, C=native code)
V  [libjvm.so+0x7248b0]  JVM_handle_linux_signal+0x140870
V  [libjvm.so+0x2f69af]  pthread_attr_init+0x2f69af
V  [libjvm.so+0x28cf2a]  pthread_attr_init+0x28cf2a
V  [libjvm.so+0x292f71]  pthread_attr_init+0x292f71
V  [libjvm.so+0x6b3d62]  JVM_handle_linux_signal+0xcfd22
V  [libjvm.so+0x6b1dfe]  JVM_handle_linux_signal+0xcddbe
V  [libjvm.so+0x6b0bc6]  JVM_handle_linux_signal+0xccb86
V  [libjvm.so+0x6b0830]  JVM_handle_linux_signal+0xcc7f0
V  [libjvm.so+0x6b564a]  JVM_handle_linux_signal+0xd160a
V  [libjvm.so+0x6b56dc]  JVM_handle_linux_signal+0xd169c
V  [libjvm.so+0x6b57a0]  JVM_handle_linux_signal+0xd1760
V  [libjvm.so+0x6b5571]  JVM_handle_linux_signal+0xd1531
V  [libjvm.so+0x6fc35a]  JVM_handle_linux_signal+0x11831a
V  [libjvm.so+0x6fda1f]  JVM_handle_linux_signal+0x1199df
V  [libjvm.so+0x3b8fb8]  AsyncGetCallTrace+0x6a5a8
V  [libjvm.so+0x6e53b2]  JVM_handle_linux_signal+0x101372
V  [libjvm.so+0x413bc6]  JNI_CreateJavaVM+0x56
C  [java+0x305c]
C  [java+0x1942]  JavaMain+0x72
C  [libpthread.so.0+0x6f10]  short+0xd0


---------------  P R O C E S S  ---------------

Java Threads: ( => current thread )

Other Threads:

=>0x09eb5400 (exited) JavaThread "Unknown thread" [_thread_in_vm, id=8799, stack(0xf6843000,0xf6894000)]

VM state:not at safepoint (not fully initialized)

VM Mutex/Monitor currently owned by a thread: None

Dynamic libraries:
08048000-08052000 r-xp 00000000 08:03 137891                             /opt/java/bin/java
08052000-08053000 rwxp 00009000 08:03 137891                             /opt/java/bin/java
09eaf000-09ed0000 rwxp 00000000 00:00 0                                  [heap]
09ed0000-09ef6000 rwxp 00000000 00:00 0                                  [heap]
09ef6000-09f24000 rwxp 00000000 00:00 0                                  [heap]
09f24000-09f34000 rwxp 00000000 00:00 0                                  [heap]
09f34000-09f35000 rwxp 00000000 00:00 0                                  [heap]
af09e000-af175000 r-xs 013fe000 08:04 20117241                           /home/t0mm13b/android-sdks/platforms/android-19/android.jar
af175000-af176000 ---p 00000000 00:00 0 
af176000-af1f6000 rwxp 00000000 00:00 0                                  [stack:8803]
af1f6000-af1f7000 ---p 00000000 00:00 0 
af1f7000-af277000 rwxp 00000000 00:00 0                                  [stack:8802]
af277000-af278000 ---p 00000000 00:00 0 
af278000-af2f8000 rwxp 00000000 00:00 0                                  [stack:8801]
af2f8000-af2f9000 ---p 00000000 00:00 0 
af2f9000-af379000 rwxp 00000000 00:00 0                                  [stack:8800]
af379000-af381000 rwxp 00000000 00:00 0 
af381000-af399000 rwxp 00000000 00:00 0 
af399000-af3af000 rwxp 00000000 00:00 0 
af3af000-af4ef000 rwxp 00000000 00:00 0 
af4ef000-af4f7000 rwxp 00000000 00:00 0 
af4f7000-af50f000 rwxp 00000000 00:00 0 
af50f000-af525000 rwxp 00000000 00:00 0 
af525000-af664000 rwxp 00000000 00:00 0 
af664000-af66f000 rwxp 00000000 00:00 0 
af66f000-af70f000 rwxp 00000000 00:00 0 
af70f000-af710000 rwxp 00000000 00:00 0 
af710000-b0710000 rwxp 00000000 00:00 0 
b0710000-b3710000 rwxp 00000000 00:00 0 
b3710000-b61c0000 rwxp 00000000 00:00 0 
b61c0000-de1c0000 rwxp 00000000 00:00 0 
de1c0000-df710000 rwxp 00000000 00:00 0 
df710000-f3710000 rwxp 00000000 00:00 0 
f371f000-f3728000 rwxp 00000000 00:00 0 
f3728000-f37df000 rwxp 00000000 00:00 0 
f37df000-f3a1f000 rwxp 00000000 00:00 0 
f3a1f000-f67df000 rwxp 00000000 00:00 0 
f67df000-f67ea000 r-xp 00000000 08:03 788769                             /usr/lib32/libnss_files-2.18.so
f67ea000-f67eb000 r-xp 0000a000 08:03 788769                             /usr/lib32/libnss_files-2.18.so
f67eb000-f67ec000 rwxp 0000b000 08:03 788769                             /usr/lib32/libnss_files-2.18.so
f67ec000-f6802000 r-xp 00000000 08:03 898539                             /usr/lib32/libnsl-2.18.so
f6802000-f6803000 r-xp 00015000 08:03 898539                             /usr/lib32/libnsl-2.18.so
f6803000-f6804000 rwxp 00016000 08:03 898539                             /usr/lib32/libnsl-2.18.so
f6804000-f6806000 rwxp 00000000 00:00 0 
f6821000-f6830000 r-xp 00000000 08:03 263913                             /opt/java/jre/lib/i386/libzip.so
f6830000-f6832000 rwxp 0000e000 08:03 263913                             /opt/java/jre/lib/i386/libzip.so
f6832000-f683a000 rwxs 00000000 00:20 4897285                            /tmp/hsperfdata_t0mm13b/8791
f683a000-f6841000 r-xp 00000000 08:03 898555                             /usr/lib32/librt-2.18.so
f6841000-f6842000 r-xp 00006000 08:03 898555                             /usr/lib32/librt-2.18.so
f6842000-f6843000 rwxp 00007000 08:03 898555                             /usr/lib32/librt-2.18.so
f6843000-f6846000 ---p 00000000 00:00 0 
f6846000-f6894000 rwxp 00000000 00:00 0                                  [stack:8799]
f6894000-f68d8000 r-xp 00000000 08:03 898538                             /usr/lib32/libm-2.18.so
f68d8000-f68d9000 r-xp 00043000 08:03 898538                             /usr/lib32/libm-2.18.so
f68d9000-f68da000 rwxp 00044000 08:03 898538                             /usr/lib32/libm-2.18.so
f68da000-f708c000 r-xp 00000000 08:03 263911                             /opt/java/jre/lib/i386/server/libjvm.so
f708c000-f70e0000 rwxp 007b1000 08:03 263911                             /opt/java/jre/lib/i386/server/libjvm.so
f70e0000-f74fe000 rwxp 00000000 00:00 0 
f74fe000-f74ff000 rwxp 00000000 00:00 0 
f74ff000-f76a8000 r-xp 00000000 08:03 783019                             /usr/lib32/libc-2.18.so
f76a8000-f76aa000 r-xp 001a9000 08:03 783019                             /usr/lib32/libc-2.18.so
f76aa000-f76ab000 rwxp 001ab000 08:03 783019                             /usr/lib32/libc-2.18.so
f76ab000-f76ae000 rwxp 00000000 00:00 0 
f76ae000-f76af000 rwxp 00000000 00:00 0 
f76af000-f76b2000 r-xp 00000000 08:03 898537                             /usr/lib32/libdl-2.18.so
f76b2000-f76b3000 r-xp 00002000 08:03 898537                             /usr/lib32/libdl-2.18.so
f76b3000-f76b4000 rwxp 00003000 08:03 898537                             /usr/lib32/libdl-2.18.so
f76b4000-f76bb000 r-xp 00000000 08:03 263894                             /opt/java/jre/lib/i386/jli/libjli.so
f76bb000-f76bd000 rwxp 00006000 08:03 263894                             /opt/java/jre/lib/i386/jli/libjli.so
f76bd000-f76d5000 r-xp 00000000 08:03 782993                             /usr/lib32/libpthread-2.18.so
f76d5000-f76d6000 r-xp 00017000 08:03 782993                             /usr/lib32/libpthread-2.18.so
f76d6000-f76d7000 rwxp 00018000 08:03 782993                             /usr/lib32/libpthread-2.18.so
f76d7000-f76d9000 rwxp 00000000 00:00 0 
f76da000-f76db000 rwxp 00000000 00:00 0 
f76db000-f76dc000 r-xp 00000000 00:00 0 
f76dc000-f76ff000 r-xp 00000000 08:03 263899                             /opt/java/jre/lib/i386/libjava.so
f76ff000-f7701000 rwxp 00023000 08:03 263899                             /opt/java/jre/lib/i386/libjava.so
f7701000-f770c000 r-xp 00000000 08:03 263920                             /opt/java/jre/lib/i386/libverify.so
f770c000-f770d000 rwxp 0000b000 08:03 263920                             /opt/java/jre/lib/i386/libverify.so
f770d000-f770e000 rwxp 00000000 00:00 0 
f770e000-f770f000 r-xp 00000000 00:00 0                                  [vdso]
f770f000-f772f000 r-xp 00000000 08:03 783018                             /usr/lib32/ld-2.18.so
f772f000-f7730000 r-xp 0001f000 08:03 783018                             /usr/lib32/ld-2.18.so
f7730000-f7731000 rwxp 00020000 08:03 783018                             /usr/lib32/ld-2.18.so
ffd9d000-ffdbf000 rwxp 00000000 00:00 0                                  [stack]

VM Arguments:
jvm_args: -Dfile.encoding=UTF-8 -Xbootclasspath:/home/t0mm13b/android-sdks/platforms/android-19/android.jar 
java_command: org.eclipse.jdt.internal.junit.runner.RemoteTestRunner -version 3 -port 51417 -testLoaderClass org.eclipse.jdt.internal.junit4.runner.JUnit4TestLoader -loaderpluginname org.eclipse.jdt.junit4.runtime -classNames ie.t0mm13b.droidstackmk2.test.TestMain
Launcher Type: SUN_STANDARD

Environment Variables:
JAVA_HOME=/opt/java
CLASSPATH=/home/t0mm13b/GNUstep/Library/Libraries/Java:/usr/lib/GNUstep/Libraries/Java
PATH=/usr/lib/colorgcc/bin:/home/t0mm13b/bin:/home/t0mm13b/android-sdks/tools:/home/t0mm13b/AOSP/IceCreamSandwich/Base/prebuilt/linux-x86/toolchain/arm-eabi-4.4.3/bin:/home/t0mm13b/GNUstep/Tools:/usr/local/sbin:/usr/local/bin:/usr/bin:/opt/java/bin:/opt/java/db/bin:/opt/java/jre/bin:/usr/bin/vendor_perl:/usr/bin/core_perl
USERNAME=t0mm13b
LD_LIBRARY_PATH=/opt/java/jre/lib/i386/server:/opt/java/jre/lib/i386:/opt/java/jre/../lib/i386:/opt/java/jre/lib/i386/client:/opt/java/jre/lib/i386:/home/t0mm13b/GNUstep/Library/Libraries:/usr/lib:/usr/lib/mozilla:/usr/lib/mozilla
SHELL=/bin/bash
DISPLAY=:0

Signal Handlers:
SIGSEGV: [libjvm.so+0x725510], sa_mask[0]=0x7ffbfeff, sa_flags=0x10000004
SIGBUS: [libjvm.so+0x725510], sa_mask[0]=0x7ffbfeff, sa_flags=0x10000004
SIGFPE: [libjvm.so+0x5dff20], sa_mask[0]=0x7ffbfeff, sa_flags=0x10000004
SIGPIPE: [libjvm.so+0x5dff20], sa_mask[0]=0x7ffbfeff, sa_flags=0x10000004
SIGXFSZ: [libjvm.so+0x5dff20], sa_mask[0]=0x7ffbfeff, sa_flags=0x10000004
SIGILL: [libjvm.so+0x5dff20], sa_mask[0]=0x7ffbfeff, sa_flags=0x10000004
SIGUSR1: SIG_DFL, sa_mask[0]=0x00000000, sa_flags=0x00000000
SIGUSR2: [libjvm.so+0x5e3160], sa_mask[0]=0x00000004, sa_flags=0x10000004
SIGHUP: SIG_DFL, sa_mask[0]=0x00000000, sa_flags=0x00000000
SIGINT: SIG_DFL, sa_mask[0]=0x00000000, sa_flags=0x00000000
SIGTERM: SIG_DFL, sa_mask[0]=0x00000000, sa_flags=0x00000000
SIGQUIT: SIG_DFL, sa_mask[0]=0x00000000, sa_flags=0x00000000


---------------  S Y S T E M  ---------------

OS:Linux
uname:Linux 3.12.9-1-ARCH #1 SMP PREEMPT Sun Jan 26 09:01:37 CET 2014 x86_64
libc:glibc 2.18 NPTL 2.18 
rlimit: STACK 8192k, CORE 0k, NPROC 59621, NOFILE 4096, AS infinity
load average:0.79 0.70 0.75

/proc/meminfo:
MemTotal:        7639160 kB
MemFree:         3341708 kB
Buffers:          293628 kB
Cached:          1528032 kB
SwapCached:            0 kB
Active:          2807232 kB
Inactive:        1124524 kB
Active(anon):    2112320 kB
Inactive(anon):    30676 kB
Active(file):     694912 kB
Inactive(file):  1093848 kB
Unevictable:         100 kB
Mlocked:             100 kB
SwapTotal:        530140 kB
SwapFree:         530140 kB
Dirty:              1656 kB
Writeback:             0 kB
AnonPages:       2110388 kB
Mapped:           278576 kB
Shmem:             32712 kB
Slab:             211316 kB
SReclaimable:     175780 kB
SUnreclaim:        35536 kB
KernelStack:        4016 kB
PageTables:        47780 kB
NFS_Unstable:          0 kB
Bounce:                0 kB
WritebackTmp:          0 kB
CommitLimit:     4349720 kB
Committed_AS:    6505472 kB
VmallocTotal:   34359738367 kB
VmallocUsed:      110888 kB
VmallocChunk:   34359536024 kB
HardwareCorrupted:     0 kB
AnonHugePages:    727040 kB
HugePages_Total:       0
HugePages_Free:        0
HugePages_Rsvd:        0
HugePages_Surp:        0
Hugepagesize:       2048 kB
DirectMap4k:       10752 kB
DirectMap2M:     2584576 kB
DirectMap1G:     5242880 kB


CPU:total 4 (4 cores per cpu, 1 threads per core) family 18 model 1 stepping 0, cmov, cx8, fxsr, mmx, sse, sse2, sse3, popcnt, mmxext, 3dnow, 3dnowext, lzcnt, sse4a

/proc/cpuinfo:
processor	: 0
vendor_id	: AuthenticAMD
cpu family	: 18
model		: 1
model name	: AMD A6-3400M APU with Radeon(tm) HD Graphics
stepping	: 0
microcode	: 0x3000027
cpu MHz		: 1400.000
cache size	: 1024 KB
physical id	: 0
siblings	: 4
core id		: 0
cpu cores	: 4
apicid		: 0
initial apicid	: 0
fpu		: yes
fpu_exception	: yes
cpuid level	: 6
wp		: yes
flags		: fpu vme de pse tsc msr pae mce cx8 apic sep mtrr pge mca cmov pat pse36 clflush mmx fxsr sse sse2 ht syscall nx mmxext fxsr_opt pdpe1gb rdtscp lm 3dnowext 3dnow constant_tsc rep_good nopl nonstop_tsc extd_apicid aperfmperf pni monitor cx16 popcnt lahf_lm cmp_legacy svm extapic cr8_legacy abm sse4a misalignsse 3dnowprefetch osvw ibs skinit wdt arat cpb hw_pstate npt lbrv svm_lock nrip_save pausefilter
bogomips	: 2796.43
TLB size	: 1536 4K pages
clflush size	: 64
cache_alignment	: 64
address sizes	: 40 bits physical, 48 bits virtual
power management: ts ttp tm stc 100mhzsteps hwpstate cpb

processor	: 1
vendor_id	: AuthenticAMD
cpu family	: 18
model		: 1
model name	: AMD A6-3400M APU with Radeon(tm) HD Graphics
stepping	: 0
microcode	: 0x3000027
cpu MHz		: 800.000
cache size	: 1024 KB
physical id	: 0
siblings	: 4
core id		: 1
cpu cores	: 4
apicid		: 1
initial apicid	: 1
fpu		: yes
fpu_exception	: yes
cpuid level	: 6
wp		: yes
flags		: fpu vme de pse tsc msr pae mce cx8 apic sep mtrr pge mca cmov pat pse36 clflush mmx fxsr sse sse2 ht syscall nx mmxext fxsr_opt pdpe1gb rdtscp lm 3dnowext 3dnow constant_tsc rep_good nopl nonstop_tsc extd_apicid aperfmperf pni monitor cx16 popcnt lahf_lm cmp_legacy svm extapic cr8_legacy abm sse4a misalignsse 3dnowprefetch osvw ibs skinit wdt arat cpb hw_pstate npt lbrv svm_lock nrip_save pausefilter
bogomips	: 2796.43
TLB size	: 1536 4K pages
clflush size	: 64
cache_alignment	: 64
address sizes	: 40 bits physical, 48 bits virtual
power management: ts ttp tm stc 100mhzsteps hwpstate cpb

processor	: 2
vendor_id	: AuthenticAMD
cpu family	: 18
model		: 1
model name	: AMD A6-3400M APU with Radeon(tm) HD Graphics
stepping	: 0
microcode	: 0x3000027
cpu MHz		: 1100.000
cache size	: 1024 KB
physical id	: 0
siblings	: 4
core id		: 2
cpu cores	: 4
apicid		: 2
initial apicid	: 2
fpu		: yes
fpu_exception	: yes
cpuid level	: 6
wp		: yes
flags		: fpu vme de pse tsc msr pae mce cx8 apic sep mtrr pge mca cmov pat pse36 clflush mmx fxsr sse sse2 ht syscall nx mmxext fxsr_opt pdpe1gb rdtscp lm 3dnowext 3dnow constant_tsc rep_good nopl nonstop_tsc extd_apicid aperfmperf pni monitor cx16 popcnt lahf_lm cmp_legacy svm extapic cr8_legacy abm sse4a misalignsse 3dnowprefetch osvw ibs skinit wdt arat cpb hw_pstate npt lbrv svm_lock nrip_save pausefilter
bogomips	: 2796.43
TLB size	: 1536 4K pages
clflush size	: 64
cache_alignment	: 64
address sizes	: 40 bits physical, 48 bits virtual
power management: ts ttp tm stc 100mhzsteps hwpstate cpb

processor	: 3
vendor_id	: AuthenticAMD
cpu family	: 18
model		: 1
model name	: AMD A6-3400M APU with Radeon(tm) HD Graphics
stepping	: 0
microcode	: 0x3000027
cpu MHz		: 1300.000
cache size	: 1024 KB
physical id	: 0
siblings	: 4
core id		: 3
cpu cores	: 4
apicid		: 3
initial apicid	: 3
fpu		: yes
fpu_exception	: yes
cpuid level	: 6
wp		: yes
flags		: fpu vme de pse tsc msr pae mce cx8 apic sep mtrr pge mca cmov pat pse36 clflush mmx fxsr sse sse2 ht syscall nx mmxext fxsr_opt pdpe1gb rdtscp lm 3dnowext 3dnow constant_tsc rep_good nopl nonstop_tsc extd_apicid aperfmperf pni monitor cx16 popcnt lahf_lm cmp_legacy svm extapic cr8_legacy abm sse4a misalignsse 3dnowprefetch osvw ibs skinit wdt arat cpb hw_pstate npt lbrv svm_lock nrip_save pausefilter
bogomips	: 2796.43
TLB size	: 1536 4K pages
clflush size	: 64
cache_alignment	: 64
address sizes	: 40 bits physical, 48 bits virtual
power management: ts ttp tm stc 100mhzsteps hwpstate cpb



Memory: 4k page, physical 7639160k(3341708k free), swap 530140k(530140k free)

vm_info: Java HotSpot(TM) Server VM (20.1-b02) for linux-x86 JRE (1.6.0_26-b03), built on May  4 2011 01:04:10 by "java_re" with gcc 3.2.1-7a (J2SE release)

time: Tue Jan 28 23:41:00 2014
elapsed time: 0 seconds

