#
# A fatal error has been detected by the Java Runtime Environment:
#
#  Internal Error (classFileParser.cpp:3494), pid=8829, tid=4136999744
#  Error: ShouldNotReachHere()
#
# JRE version: 6.0_26-b03
# Java VM: Java HotSpot(TM) Server VM (20.1-b02 mixed mode linux-x86 )
# If you would like to submit a bug report, please visit:
#   http://java.sun.com/webapps/bugreport/crash.jsp
#

---------------  T H R E A D  ---------------

Current thread (0x08332400):  JavaThread "Unknown thread" [_thread_in_vm, id=8835, stack(0xf6909000,0xf695a000)]

Stack: [0xf6909000,0xf695a000],  sp=0xf6958790,  free space=317k
Native frames: (J=compiled Java code, j=interpreted, Vv=VM code, C=native code)
V  [libjvm.so+0x7248b0]  JVM_handle_linux_signal+0x140870
V  [libjvm.so+0x2f69af]  pthread_attr_init+0x2f69af
V  [libjvm.so+0x28cf2a]  pthread_attr_init+0x28cf2a
V  [libjvm.so+0x292f71]  pthread_attr_init+0x292f71
V  [libjvm.so+0x6b3d62]  JVM_handle_linux_signal+0xcfd22
V  [libjvm.so+0x6b1dfe]  JVM_handle_linux_signal+0xcddbe
V  [libjvm.so+0x6b0bc6]  JVM_handle_linux_signal+0xccb86
V  [libjvm.so+0x6b0830]  JVM_handle_linux_signal+0xcc7f0
V  [libjvm.so+0x6b564a]  JVM_handle_linux_signal+0xd160a
V  [libjvm.so+0x6b56dc]  JVM_handle_linux_signal+0xd169c
V  [libjvm.so+0x6b57a0]  JVM_handle_linux_signal+0xd1760
V  [libjvm.so+0x6b5571]  JVM_handle_linux_signal+0xd1531
V  [libjvm.so+0x6fc35a]  JVM_handle_linux_signal+0x11831a
V  [libjvm.so+0x6fda1f]  JVM_handle_linux_signal+0x1199df
V  [libjvm.so+0x3b8fb8]  AsyncGetCallTrace+0x6a5a8
V  [libjvm.so+0x6e53b2]  JVM_handle_linux_signal+0x101372
V  [libjvm.so+0x413bc6]  JNI_CreateJavaVM+0x56
C  [java+0x305c]
C  [java+0x1942]  JavaMain+0x72
C  [libpthread.so.0+0x6f10]  short+0xd0


---------------  P R O C E S S  ---------------

Java Threads: ( => current thread )

Other Threads:

=>0x08332400 (exited) JavaThread "Unknown thread" [_thread_in_vm, id=8835, stack(0xf6909000,0xf695a000)]

VM state:not at safepoint (not fully initialized)

VM Mutex/Monitor currently owned by a thread: None

Dynamic libraries:
08048000-08052000 r-xp 00000000 08:03 137891                             /opt/java/bin/java
08052000-08053000 rwxp 00009000 08:03 137891                             /opt/java/bin/java
0832c000-0834d000 rwxp 00000000 00:00 0                                  [heap]
0834d000-08373000 rwxp 00000000 00:00 0                                  [heap]
08373000-083a1000 rwxp 00000000 00:00 0                                  [heap]
083a1000-083b1000 rwxp 00000000 00:00 0                                  [heap]
083b1000-083b2000 rwxp 00000000 00:00 0                                  [heap]
af16e000-af245000 r-xs 013fe000 08:04 20117241                           /home/t0mm13b/android-sdks/platforms/android-19/android.jar
af245000-af246000 ---p 00000000 00:00 0 
af246000-af2c6000 rwxp 00000000 00:00 0                                  [stack:8839]
af2c6000-af2c7000 ---p 00000000 00:00 0 
af2c7000-af347000 rwxp 00000000 00:00 0                                  [stack:8838]
af347000-af348000 ---p 00000000 00:00 0 
af348000-af3c8000 rwxp 00000000 00:00 0                                  [stack:8837]
af3c8000-af3c9000 ---p 00000000 00:00 0 
af3c9000-af449000 rwxp 00000000 00:00 0                                  [stack:8836]
af449000-af451000 rwxp 00000000 00:00 0 
af451000-af469000 rwxp 00000000 00:00 0 
af469000-af47f000 rwxp 00000000 00:00 0 
af47f000-af5bf000 rwxp 00000000 00:00 0 
af5bf000-af5c7000 rwxp 00000000 00:00 0 
af5c7000-af5df000 rwxp 00000000 00:00 0 
af5df000-af5f5000 rwxp 00000000 00:00 0 
af5f5000-af734000 rwxp 00000000 00:00 0 
af734000-af73f000 rwxp 00000000 00:00 0 
af73f000-af7df000 rwxp 00000000 00:00 0 
af7df000-af7e0000 rwxp 00000000 00:00 0 
af7e0000-b07e0000 rwxp 00000000 00:00 0 
b07e0000-b37e0000 rwxp 00000000 00:00 0 
b37e0000-b6290000 rwxp 00000000 00:00 0 
b6290000-de290000 rwxp 00000000 00:00 0 
de290000-df7e0000 rwxp 00000000 00:00 0 
df7e0000-f37e0000 rwxp 00000000 00:00 0 
f37e5000-f37ee000 rwxp 00000000 00:00 0 
f37ee000-f38a5000 rwxp 00000000 00:00 0 
f38a5000-f3ae5000 rwxp 00000000 00:00 0 
f3ae5000-f68a5000 rwxp 00000000 00:00 0 
f68a5000-f68b0000 r-xp 00000000 08:03 788769                             /usr/lib32/libnss_files-2.18.so
f68b0000-f68b1000 r-xp 0000a000 08:03 788769                             /usr/lib32/libnss_files-2.18.so
f68b1000-f68b2000 rwxp 0000b000 08:03 788769                             /usr/lib32/libnss_files-2.18.so
f68b2000-f68c8000 r-xp 00000000 08:03 898539                             /usr/lib32/libnsl-2.18.so
f68c8000-f68c9000 r-xp 00015000 08:03 898539                             /usr/lib32/libnsl-2.18.so
f68c9000-f68ca000 rwxp 00016000 08:03 898539                             /usr/lib32/libnsl-2.18.so
f68ca000-f68cc000 rwxp 00000000 00:00 0 
f68e7000-f68f6000 r-xp 00000000 08:03 263913                             /opt/java/jre/lib/i386/libzip.so
f68f6000-f68f8000 rwxp 0000e000 08:03 263913                             /opt/java/jre/lib/i386/libzip.so
f68f8000-f6900000 rwxs 00000000 00:20 4935236                            /tmp/hsperfdata_t0mm13b/8829
f6900000-f6907000 r-xp 00000000 08:03 898555                             /usr/lib32/librt-2.18.so
f6907000-f6908000 r-xp 00006000 08:03 898555                             /usr/lib32/librt-2.18.so
f6908000-f6909000 rwxp 00007000 08:03 898555                             /usr/lib32/librt-2.18.so
f6909000-f690c000 ---p 00000000 00:00 0 
f690c000-f695a000 rwxp 00000000 00:00 0                                  [stack:8835]
f695a000-f699e000 r-xp 00000000 08:03 898538                             /usr/lib32/libm-2.18.so
f699e000-f699f000 r-xp 00043000 08:03 898538                             /usr/lib32/libm-2.18.so
f699f000-f69a0000 rwxp 00044000 08:03 898538                             /usr/lib32/libm-2.18.so
f69a0000-f7152000 r-xp 00000000 08:03 263911                             /opt/java/jre/lib/i386/server/libjvm.so
f7152000-f71a6000 rwxp 007b1000 08:03 263911                             /opt/java/jre/lib/i386/server/libjvm.so
f71a6000-f75c4000 rwxp 00000000 00:00 0 
f75c4000-f75c5000 rwxp 00000000 00:00 0 
f75c5000-f776e000 r-xp 00000000 08:03 783019                             /usr/lib32/libc-2.18.so
f776e000-f7770000 r-xp 001a9000 08:03 783019                             /usr/lib32/libc-2.18.so
f7770000-f7771000 rwxp 001ab000 08:03 783019                             /usr/lib32/libc-2.18.so
f7771000-f7774000 rwxp 00000000 00:00 0 
f7774000-f7775000 rwxp 00000000 00:00 0 
f7775000-f7778000 r-xp 00000000 08:03 898537                             /usr/lib32/libdl-2.18.so
f7778000-f7779000 r-xp 00002000 08:03 898537                             /usr/lib32/libdl-2.18.so
f7779000-f777a000 rwxp 00003000 08:03 898537                             /usr/lib32/libdl-2.18.so
f777a000-f7781000 r-xp 00000000 08:03 263894                             /opt/java/jre/lib/i386/jli/libjli.so
f7781000-f7783000 rwxp 00006000 08:03 263894                             /opt/java/jre/lib/i386/jli/libjli.so
f7783000-f779b000 r-xp 00000000 08:03 782993                             /usr/lib32/libpthread-2.18.so
f779b000-f779c000 r-xp 00017000 08:03 782993                             /usr/lib32/libpthread-2.18.so
f779c000-f779d000 rwxp 00018000 08:03 782993                             /usr/lib32/libpthread-2.18.so
f779d000-f779f000 rwxp 00000000 00:00 0 
f77a0000-f77a1000 rwxp 00000000 00:00 0 
f77a1000-f77a2000 r-xp 00000000 00:00 0 
f77a2000-f77c5000 r-xp 00000000 08:03 263899                             /opt/java/jre/lib/i386/libjava.so
f77c5000-f77c7000 rwxp 00023000 08:03 263899                             /opt/java/jre/lib/i386/libjava.so
f77c7000-f77d2000 r-xp 00000000 08:03 263920                             /opt/java/jre/lib/i386/libverify.so
f77d2000-f77d3000 rwxp 0000b000 08:03 263920                             /opt/java/jre/lib/i386/libverify.so
f77d3000-f77d4000 rwxp 00000000 00:00 0 
f77d4000-f77d5000 r-xp 00000000 00:00 0                                  [vdso]
f77d5000-f77f5000 r-xp 00000000 08:03 783018                             /usr/lib32/ld-2.18.so
f77f5000-f77f6000 r-xp 0001f000 08:03 783018                             /usr/lib32/ld-2.18.so
f77f6000-f77f7000 rwxp 00020000 08:03 783018                             /usr/lib32/ld-2.18.so
fffc0000-fffe2000 rwxp 00000000 00:00 0                                  [stack]

VM Arguments:
jvm_args: -Dfile.encoding=UTF-8 -Xbootclasspath:/home/t0mm13b/android-sdks/platforms/android-19/android.jar 
java_command: org.eclipse.jdt.internal.junit.runner.RemoteTestRunner -version 3 -port 54119 -testLoaderClass org.eclipse.jdt.internal.junit4.runner.JUnit4TestLoader -loaderpluginname org.eclipse.jdt.junit4.runtime -classNames ie.t0mm13b.droidstackmk2.test.TestMain
Launcher Type: SUN_STANDARD

Environment Variables:
JAVA_HOME=/opt/java
CLASSPATH=/home/t0mm13b/GNUstep/Library/Libraries/Java:/usr/lib/GNUstep/Libraries/Java
PATH=/usr/lib/colorgcc/bin:/home/t0mm13b/bin:/home/t0mm13b/android-sdks/tools:/home/t0mm13b/AOSP/IceCreamSandwich/Base/prebuilt/linux-x86/toolchain/arm-eabi-4.4.3/bin:/home/t0mm13b/GNUstep/Tools:/usr/local/sbin:/usr/local/bin:/usr/bin:/opt/java/bin:/opt/java/db/bin:/opt/java/jre/bin:/usr/bin/vendor_perl:/usr/bin/core_perl
USERNAME=t0mm13b
LD_LIBRARY_PATH=/opt/java/jre/lib/i386/server:/opt/java/jre/lib/i386:/opt/java/jre/../lib/i386:/opt/java/jre/lib/i386/client:/opt/java/jre/lib/i386:/home/t0mm13b/GNUstep/Library/Libraries:/usr/lib:/usr/lib/mozilla:/usr/lib/mozilla
SHELL=/bin/bash
DISPLAY=:0

Signal Handlers:
SIGSEGV: [libjvm.so+0x725510], sa_mask[0]=0x7ffbfeff, sa_flags=0x10000004
SIGBUS: [libjvm.so+0x725510], sa_mask[0]=0x7ffbfeff, sa_flags=0x10000004
SIGFPE: [libjvm.so+0x5dff20], sa_mask[0]=0x7ffbfeff, sa_flags=0x10000004
SIGPIPE: [libjvm.so+0x5dff20], sa_mask[0]=0x7ffbfeff, sa_flags=0x10000004
SIGXFSZ: [libjvm.so+0x5dff20], sa_mask[0]=0x7ffbfeff, sa_flags=0x10000004
SIGILL: [libjvm.so+0x5dff20], sa_mask[0]=0x7ffbfeff, sa_flags=0x10000004
SIGUSR1: SIG_DFL, sa_mask[0]=0x00000000, sa_flags=0x00000000
SIGUSR2: [libjvm.so+0x5e3160], sa_mask[0]=0x00000004, sa_flags=0x10000004
SIGHUP: SIG_DFL, sa_mask[0]=0x00000000, sa_flags=0x00000000
SIGINT: SIG_DFL, sa_mask[0]=0x00000000, sa_flags=0x00000000
SIGTERM: SIG_DFL, sa_mask[0]=0x00000000, sa_flags=0x00000000
SIGQUIT: SIG_DFL, sa_mask[0]=0x00000000, sa_flags=0x00000000


---------------  S Y S T E M  ---------------

OS:Linux
uname:Linux 3.12.9-1-ARCH #1 SMP PREEMPT Sun Jan 26 09:01:37 CET 2014 x86_64
libc:glibc 2.18 NPTL 2.18 
rlimit: STACK 8192k, CORE 0k, NPROC 59621, NOFILE 4096, AS infinity
load average:0.64 0.71 0.76

/proc/meminfo:
MemTotal:        7639160 kB
MemFree:         3315760 kB
Buffers:          295032 kB
Cached:          1540260 kB
SwapCached:            0 kB
Active:          2833648 kB
Inactive:        1127116 kB
Active(anon):    2127500 kB
Inactive(anon):    31068 kB
Active(file):     706148 kB
Inactive(file):  1096048 kB
Unevictable:         100 kB
Mlocked:             100 kB
SwapTotal:        530140 kB
SwapFree:         530140 kB
Dirty:               436 kB
Writeback:             0 kB
AnonPages:       2125664 kB
Mapped:           283752 kB
Shmem:             33104 kB
Slab:             211708 kB
SReclaimable:     176048 kB
SUnreclaim:        35660 kB
KernelStack:        3928 kB
PageTables:        47780 kB
NFS_Unstable:          0 kB
Bounce:                0 kB
WritebackTmp:          0 kB
CommitLimit:     4349720 kB
Committed_AS:    6515468 kB
VmallocTotal:   34359738367 kB
VmallocUsed:      110864 kB
VmallocChunk:   34359535280 kB
HardwareCorrupted:     0 kB
AnonHugePages:    737280 kB
HugePages_Total:       0
HugePages_Free:        0
HugePages_Rsvd:        0
HugePages_Surp:        0
Hugepagesize:       2048 kB
DirectMap4k:       10752 kB
DirectMap2M:     2584576 kB
DirectMap1G:     5242880 kB


CPU:total 4 (4 cores per cpu, 1 threads per core) family 18 model 1 stepping 0, cmov, cx8, fxsr, mmx, sse, sse2, sse3, popcnt, mmxext, 3dnow, 3dnowext, lzcnt, sse4a

/proc/cpuinfo:
processor	: 0
vendor_id	: AuthenticAMD
cpu family	: 18
model		: 1
model name	: AMD A6-3400M APU with Radeon(tm) HD Graphics
stepping	: 0
microcode	: 0x3000027
cpu MHz		: 800.000
cache size	: 1024 KB
physical id	: 0
siblings	: 4
core id		: 0
cpu cores	: 4
apicid		: 0
initial apicid	: 0
fpu		: yes
fpu_exception	: yes
cpuid level	: 6
wp		: yes
flags		: fpu vme de pse tsc msr pae mce cx8 apic sep mtrr pge mca cmov pat pse36 clflush mmx fxsr sse sse2 ht syscall nx mmxext fxsr_opt pdpe1gb rdtscp lm 3dnowext 3dnow constant_tsc rep_good nopl nonstop_tsc extd_apicid aperfmperf pni monitor cx16 popcnt lahf_lm cmp_legacy svm extapic cr8_legacy abm sse4a misalignsse 3dnowprefetch osvw ibs skinit wdt arat cpb hw_pstate npt lbrv svm_lock nrip_save pausefilter
bogomips	: 2796.43
TLB size	: 1536 4K pages
clflush size	: 64
cache_alignment	: 64
address sizes	: 40 bits physical, 48 bits virtual
power management: ts ttp tm stc 100mhzsteps hwpstate cpb

processor	: 1
vendor_id	: AuthenticAMD
cpu family	: 18
model		: 1
model name	: AMD A6-3400M APU with Radeon(tm) HD Graphics
stepping	: 0
microcode	: 0x3000027
cpu MHz		: 1100.000
cache size	: 1024 KB
physical id	: 0
siblings	: 4
core id		: 1
cpu cores	: 4
apicid		: 1
initial apicid	: 1
fpu		: yes
fpu_exception	: yes
cpuid level	: 6
wp		: yes
flags		: fpu vme de pse tsc msr pae mce cx8 apic sep mtrr pge mca cmov pat pse36 clflush mmx fxsr sse sse2 ht syscall nx mmxext fxsr_opt pdpe1gb rdtscp lm 3dnowext 3dnow constant_tsc rep_good nopl nonstop_tsc extd_apicid aperfmperf pni monitor cx16 popcnt lahf_lm cmp_legacy svm extapic cr8_legacy abm sse4a misalignsse 3dnowprefetch osvw ibs skinit wdt arat cpb hw_pstate npt lbrv svm_lock nrip_save pausefilter
bogomips	: 2796.43
TLB size	: 1536 4K pages
clflush size	: 64
cache_alignment	: 64
address sizes	: 40 bits physical, 48 bits virtual
power management: ts ttp tm stc 100mhzsteps hwpstate cpb

processor	: 2
vendor_id	: AuthenticAMD
cpu family	: 18
model		: 1
model name	: AMD A6-3400M APU with Radeon(tm) HD Graphics
stepping	: 0
microcode	: 0x3000027
cpu MHz		: 800.000
cache size	: 1024 KB
physical id	: 0
siblings	: 4
core id		: 2
cpu cores	: 4
apicid		: 2
initial apicid	: 2
fpu		: yes
fpu_exception	: yes
cpuid level	: 6
wp		: yes
flags		: fpu vme de pse tsc msr pae mce cx8 apic sep mtrr pge mca cmov pat pse36 clflush mmx fxsr sse sse2 ht syscall nx mmxext fxsr_opt pdpe1gb rdtscp lm 3dnowext 3dnow constant_tsc rep_good nopl nonstop_tsc extd_apicid aperfmperf pni monitor cx16 popcnt lahf_lm cmp_legacy svm extapic cr8_legacy abm sse4a misalignsse 3dnowprefetch osvw ibs skinit wdt arat cpb hw_pstate npt lbrv svm_lock nrip_save pausefilter
bogomips	: 2796.43
TLB size	: 1536 4K pages
clflush size	: 64
cache_alignment	: 64
address sizes	: 40 bits physical, 48 bits virtual
power management: ts ttp tm stc 100mhzsteps hwpstate cpb

processor	: 3
vendor_id	: AuthenticAMD
cpu family	: 18
model		: 1
model name	: AMD A6-3400M APU with Radeon(tm) HD Graphics
stepping	: 0
microcode	: 0x3000027
cpu MHz		: 1400.000
cache size	: 1024 KB
physical id	: 0
siblings	: 4
core id		: 3
cpu cores	: 4
apicid		: 3
initial apicid	: 3
fpu		: yes
fpu_exception	: yes
cpuid level	: 6
wp		: yes
flags		: fpu vme de pse tsc msr pae mce cx8 apic sep mtrr pge mca cmov pat pse36 clflush mmx fxsr sse sse2 ht syscall nx mmxext fxsr_opt pdpe1gb rdtscp lm 3dnowext 3dnow constant_tsc rep_good nopl nonstop_tsc extd_apicid aperfmperf pni monitor cx16 popcnt lahf_lm cmp_legacy svm extapic cr8_legacy abm sse4a misalignsse 3dnowprefetch osvw ibs skinit wdt arat cpb hw_pstate npt lbrv svm_lock nrip_save pausefilter
bogomips	: 2796.43
TLB size	: 1536 4K pages
clflush size	: 64
cache_alignment	: 64
address sizes	: 40 bits physical, 48 bits virtual
power management: ts ttp tm stc 100mhzsteps hwpstate cpb



Memory: 4k page, physical 7639160k(3315760k free), swap 530140k(530140k free)

vm_info: Java HotSpot(TM) Server VM (20.1-b02) for linux-x86 JRE (1.6.0_26-b03), built on May  4 2011 01:04:10 by "java_re" with gcc 3.2.1-7a (J2SE release)

time: Tue Jan 28 23:43:47 2014
elapsed time: 0 seconds

