#
# A fatal error has been detected by the Java Runtime Environment:
#
#  Internal Error (classFileParser.cpp:3494), pid=8812, tid=4136561472
#  Error: ShouldNotReachHere()
#
# JRE version: 6.0_26-b03
# Java VM: Java HotSpot(TM) Server VM (20.1-b02 mixed mode linux-x86 )
# If you would like to submit a bug report, please visit:
#   http://java.sun.com/webapps/bugreport/crash.jsp
#

---------------  T H R E A D  ---------------

Current thread (0x09de7400):  JavaThread "Unknown thread" [_thread_in_vm, id=8818, stack(0xf689e000,0xf68ef000)]

Stack: [0xf689e000,0xf68ef000],  sp=0xf68ed790,  free space=317k
Native frames: (J=compiled Java code, j=interpreted, Vv=VM code, C=native code)
V  [libjvm.so+0x7248b0]  JVM_handle_linux_signal+0x140870
V  [libjvm.so+0x2f69af]  pthread_attr_init+0x2f69af
V  [libjvm.so+0x28cf2a]  pthread_attr_init+0x28cf2a
V  [libjvm.so+0x292f71]  pthread_attr_init+0x292f71
V  [libjvm.so+0x6b3d62]  JVM_handle_linux_signal+0xcfd22
V  [libjvm.so+0x6b1dfe]  JVM_handle_linux_signal+0xcddbe
V  [libjvm.so+0x6b0bc6]  JVM_handle_linux_signal+0xccb86
V  [libjvm.so+0x6b0830]  JVM_handle_linux_signal+0xcc7f0
V  [libjvm.so+0x6b564a]  JVM_handle_linux_signal+0xd160a
V  [libjvm.so+0x6b56dc]  JVM_handle_linux_signal+0xd169c
V  [libjvm.so+0x6b57a0]  JVM_handle_linux_signal+0xd1760
V  [libjvm.so+0x6b5571]  JVM_handle_linux_signal+0xd1531
V  [libjvm.so+0x6fc35a]  JVM_handle_linux_signal+0x11831a
V  [libjvm.so+0x6fda1f]  JVM_handle_linux_signal+0x1199df
V  [libjvm.so+0x3b8fb8]  AsyncGetCallTrace+0x6a5a8
V  [libjvm.so+0x6e53b2]  JVM_handle_linux_signal+0x101372
V  [libjvm.so+0x413bc6]  JNI_CreateJavaVM+0x56
C  [java+0x305c]
C  [java+0x1942]  JavaMain+0x72
C  [libpthread.so.0+0x6f10]  short+0xd0


---------------  P R O C E S S  ---------------

Java Threads: ( => current thread )

Other Threads:

=>0x09de7400 (exited) JavaThread "Unknown thread" [_thread_in_vm, id=8818, stack(0xf689e000,0xf68ef000)]

VM state:not at safepoint (not fully initialized)

VM Mutex/Monitor currently owned by a thread: None

Dynamic libraries:
08048000-08052000 r-xp 00000000 08:03 137891                             /opt/java/bin/java
08052000-08053000 rwxp 00009000 08:03 137891                             /opt/java/bin/java
09de1000-09e02000 rwxp 00000000 00:00 0                                  [heap]
09e02000-09e28000 rwxp 00000000 00:00 0                                  [heap]
09e28000-09e56000 rwxp 00000000 00:00 0                                  [heap]
09e56000-09e66000 rwxp 00000000 00:00 0                                  [heap]
09e66000-09e67000 rwxp 00000000 00:00 0                                  [heap]
af0fe000-af1d5000 r-xs 013fe000 08:04 20117241                           /home/t0mm13b/android-sdks/platforms/android-19/android.jar
af1d5000-af1d6000 ---p 00000000 00:00 0 
af1d6000-af256000 rwxp 00000000 00:00 0                                  [stack:8822]
af256000-af257000 ---p 00000000 00:00 0 
af257000-af2d7000 rwxp 00000000 00:00 0                                  [stack:8821]
af2d7000-af2d8000 ---p 00000000 00:00 0 
af2d8000-af358000 rwxp 00000000 00:00 0                                  [stack:8820]
af358000-af359000 ---p 00000000 00:00 0 
af359000-af3d9000 rwxp 00000000 00:00 0                                  [stack:8819]
af3d9000-af3e1000 rwxp 00000000 00:00 0 
af3e1000-af3f9000 rwxp 00000000 00:00 0 
af3f9000-af40f000 rwxp 00000000 00:00 0 
af40f000-af54f000 rwxp 00000000 00:00 0 
af54f000-af557000 rwxp 00000000 00:00 0 
af557000-af56f000 rwxp 00000000 00:00 0 
af56f000-af585000 rwxp 00000000 00:00 0 
af585000-af6c4000 rwxp 00000000 00:00 0 
af6c4000-af6cf000 rwxp 00000000 00:00 0 
af6cf000-af76f000 rwxp 00000000 00:00 0 
af76f000-af770000 rwxp 00000000 00:00 0 
af770000-b0770000 rwxp 00000000 00:00 0 
b0770000-b3770000 rwxp 00000000 00:00 0 
b3770000-b6220000 rwxp 00000000 00:00 0 
b6220000-de220000 rwxp 00000000 00:00 0 
de220000-df770000 rwxp 00000000 00:00 0 
df770000-f3770000 rwxp 00000000 00:00 0 
f377a000-f3783000 rwxp 00000000 00:00 0 
f3783000-f383a000 rwxp 00000000 00:00 0 
f383a000-f3a7a000 rwxp 00000000 00:00 0 
f3a7a000-f683a000 rwxp 00000000 00:00 0 
f683a000-f6845000 r-xp 00000000 08:03 788769                             /usr/lib32/libnss_files-2.18.so
f6845000-f6846000 r-xp 0000a000 08:03 788769                             /usr/lib32/libnss_files-2.18.so
f6846000-f6847000 rwxp 0000b000 08:03 788769                             /usr/lib32/libnss_files-2.18.so
f6847000-f685d000 r-xp 00000000 08:03 898539                             /usr/lib32/libnsl-2.18.so
f685d000-f685e000 r-xp 00015000 08:03 898539                             /usr/lib32/libnsl-2.18.so
f685e000-f685f000 rwxp 00016000 08:03 898539                             /usr/lib32/libnsl-2.18.so
f685f000-f6861000 rwxp 00000000 00:00 0 
f687c000-f688b000 r-xp 00000000 08:03 263913                             /opt/java/jre/lib/i386/libzip.so
f688b000-f688d000 rwxp 0000e000 08:03 263913                             /opt/java/jre/lib/i386/libzip.so
f688d000-f6895000 rwxs 00000000 00:20 4905585                            /tmp/hsperfdata_t0mm13b/8812
f6895000-f689c000 r-xp 00000000 08:03 898555                             /usr/lib32/librt-2.18.so
f689c000-f689d000 r-xp 00006000 08:03 898555                             /usr/lib32/librt-2.18.so
f689d000-f689e000 rwxp 00007000 08:03 898555                             /usr/lib32/librt-2.18.so
f689e000-f68a1000 ---p 00000000 00:00 0 
f68a1000-f68ef000 rwxp 00000000 00:00 0                                  [stack:8818]
f68ef000-f6933000 r-xp 00000000 08:03 898538                             /usr/lib32/libm-2.18.so
f6933000-f6934000 r-xp 00043000 08:03 898538                             /usr/lib32/libm-2.18.so
f6934000-f6935000 rwxp 00044000 08:03 898538                             /usr/lib32/libm-2.18.so
f6935000-f70e7000 r-xp 00000000 08:03 263911                             /opt/java/jre/lib/i386/server/libjvm.so
f70e7000-f713b000 rwxp 007b1000 08:03 263911                             /opt/java/jre/lib/i386/server/libjvm.so
f713b000-f7559000 rwxp 00000000 00:00 0 
f7559000-f755a000 rwxp 00000000 00:00 0 
f755a000-f7703000 r-xp 00000000 08:03 783019                             /usr/lib32/libc-2.18.so
f7703000-f7705000 r-xp 001a9000 08:03 783019                             /usr/lib32/libc-2.18.so
f7705000-f7706000 rwxp 001ab000 08:03 783019                             /usr/lib32/libc-2.18.so
f7706000-f7709000 rwxp 00000000 00:00 0 
f7709000-f770a000 rwxp 00000000 00:00 0 
f770a000-f770d000 r-xp 00000000 08:03 898537                             /usr/lib32/libdl-2.18.so
f770d000-f770e000 r-xp 00002000 08:03 898537                             /usr/lib32/libdl-2.18.so
f770e000-f770f000 rwxp 00003000 08:03 898537                             /usr/lib32/libdl-2.18.so
f770f000-f7716000 r-xp 00000000 08:03 263894                             /opt/java/jre/lib/i386/jli/libjli.so
f7716000-f7718000 rwxp 00006000 08:03 263894                             /opt/java/jre/lib/i386/jli/libjli.so
f7718000-f7730000 r-xp 00000000 08:03 782993                             /usr/lib32/libpthread-2.18.so
f7730000-f7731000 r-xp 00017000 08:03 782993                             /usr/lib32/libpthread-2.18.so
f7731000-f7732000 rwxp 00018000 08:03 782993                             /usr/lib32/libpthread-2.18.so
f7732000-f7734000 rwxp 00000000 00:00 0 
f7735000-f7736000 rwxp 00000000 00:00 0 
f7736000-f7737000 r-xp 00000000 00:00 0 
f7737000-f775a000 r-xp 00000000 08:03 263899                             /opt/java/jre/lib/i386/libjava.so
f775a000-f775c000 rwxp 00023000 08:03 263899                             /opt/java/jre/lib/i386/libjava.so
f775c000-f7767000 r-xp 00000000 08:03 263920                             /opt/java/jre/lib/i386/libverify.so
f7767000-f7768000 rwxp 0000b000 08:03 263920                             /opt/java/jre/lib/i386/libverify.so
f7768000-f7769000 rwxp 00000000 00:00 0 
f7769000-f776a000 r-xp 00000000 00:00 0                                  [vdso]
f776a000-f778a000 r-xp 00000000 08:03 783018                             /usr/lib32/ld-2.18.so
f778a000-f778b000 r-xp 0001f000 08:03 783018                             /usr/lib32/ld-2.18.so
f778b000-f778c000 rwxp 00020000 08:03 783018                             /usr/lib32/ld-2.18.so
fff8f000-fffb1000 rwxp 00000000 00:00 0                                  [stack]

VM Arguments:
jvm_args: -Dfile.encoding=UTF-8 -Xbootclasspath:/home/t0mm13b/android-sdks/platforms/android-19/android.jar 
java_command: org.eclipse.jdt.internal.junit.runner.RemoteTestRunner -version 3 -port 39699 -testLoaderClass org.eclipse.jdt.internal.junit4.runner.JUnit4TestLoader -loaderpluginname org.eclipse.jdt.junit4.runtime -classNames ie.t0mm13b.droidstackmk2.test.TestMain
Launcher Type: SUN_STANDARD

Environment Variables:
JAVA_HOME=/opt/java
CLASSPATH=/home/t0mm13b/GNUstep/Library/Libraries/Java:/usr/lib/GNUstep/Libraries/Java
PATH=/usr/lib/colorgcc/bin:/home/t0mm13b/bin:/home/t0mm13b/android-sdks/tools:/home/t0mm13b/AOSP/IceCreamSandwich/Base/prebuilt/linux-x86/toolchain/arm-eabi-4.4.3/bin:/home/t0mm13b/GNUstep/Tools:/usr/local/sbin:/usr/local/bin:/usr/bin:/opt/java/bin:/opt/java/db/bin:/opt/java/jre/bin:/usr/bin/vendor_perl:/usr/bin/core_perl
USERNAME=t0mm13b
LD_LIBRARY_PATH=/opt/java/jre/lib/i386/server:/opt/java/jre/lib/i386:/opt/java/jre/../lib/i386:/opt/java/jre/lib/i386/client:/opt/java/jre/lib/i386:/home/t0mm13b/GNUstep/Library/Libraries:/usr/lib:/usr/lib/mozilla:/usr/lib/mozilla
SHELL=/bin/bash
DISPLAY=:0

Signal Handlers:
SIGSEGV: [libjvm.so+0x725510], sa_mask[0]=0x7ffbfeff, sa_flags=0x10000004
SIGBUS: [libjvm.so+0x725510], sa_mask[0]=0x7ffbfeff, sa_flags=0x10000004
SIGFPE: [libjvm.so+0x5dff20], sa_mask[0]=0x7ffbfeff, sa_flags=0x10000004
SIGPIPE: [libjvm.so+0x5dff20], sa_mask[0]=0x7ffbfeff, sa_flags=0x10000004
SIGXFSZ: [libjvm.so+0x5dff20], sa_mask[0]=0x7ffbfeff, sa_flags=0x10000004
SIGILL: [libjvm.so+0x5dff20], sa_mask[0]=0x7ffbfeff, sa_flags=0x10000004
SIGUSR1: SIG_DFL, sa_mask[0]=0x00000000, sa_flags=0x00000000
SIGUSR2: [libjvm.so+0x5e3160], sa_mask[0]=0x00000004, sa_flags=0x10000004
SIGHUP: SIG_DFL, sa_mask[0]=0x00000000, sa_flags=0x00000000
SIGINT: SIG_DFL, sa_mask[0]=0x00000000, sa_flags=0x00000000
SIGTERM: SIG_DFL, sa_mask[0]=0x00000000, sa_flags=0x00000000
SIGQUIT: SIG_DFL, sa_mask[0]=0x00000000, sa_flags=0x00000000


---------------  S Y S T E M  ---------------

OS:Linux
uname:Linux 3.12.9-1-ARCH #1 SMP PREEMPT Sun Jan 26 09:01:37 CET 2014 x86_64
libc:glibc 2.18 NPTL 2.18 
rlimit: STACK 8192k, CORE 0k, NPROC 59621, NOFILE 4096, AS infinity
load average:0.74 0.71 0.75

/proc/meminfo:
MemTotal:        7639160 kB
MemFree:         3325672 kB
Buffers:          293888 kB
Cached:          1537040 kB
SwapCached:            0 kB
Active:          2822440 kB
Inactive:        1130284 kB
Active(anon):    2123824 kB
Inactive(anon):    30724 kB
Active(file):     698616 kB
Inactive(file):  1099560 kB
Unevictable:         100 kB
Mlocked:             100 kB
SwapTotal:        530140 kB
SwapFree:         530140 kB
Dirty:                20 kB
Writeback:             0 kB
AnonPages:       2121892 kB
Mapped:           280904 kB
Shmem:             32760 kB
Slab:             211604 kB
SReclaimable:     175984 kB
SUnreclaim:        35620 kB
KernelStack:        3992 kB
PageTables:        47792 kB
NFS_Unstable:          0 kB
Bounce:                0 kB
WritebackTmp:          0 kB
CommitLimit:     4349720 kB
Committed_AS:    6519724 kB
VmallocTotal:   34359738367 kB
VmallocUsed:      110864 kB
VmallocChunk:   34359535820 kB
HardwareCorrupted:     0 kB
AnonHugePages:    737280 kB
HugePages_Total:       0
HugePages_Free:        0
HugePages_Rsvd:        0
HugePages_Surp:        0
Hugepagesize:       2048 kB
DirectMap4k:       10752 kB
DirectMap2M:     2584576 kB
DirectMap1G:     5242880 kB


CPU:total 4 (4 cores per cpu, 1 threads per core) family 18 model 1 stepping 0, cmov, cx8, fxsr, mmx, sse, sse2, sse3, popcnt, mmxext, 3dnow, 3dnowext, lzcnt, sse4a

/proc/cpuinfo:
processor	: 0
vendor_id	: AuthenticAMD
cpu family	: 18
model		: 1
model name	: AMD A6-3400M APU with Radeon(tm) HD Graphics
stepping	: 0
microcode	: 0x3000027
cpu MHz		: 1400.000
cache size	: 1024 KB
physical id	: 0
siblings	: 4
core id		: 0
cpu cores	: 4
apicid		: 0
initial apicid	: 0
fpu		: yes
fpu_exception	: yes
cpuid level	: 6
wp		: yes
flags		: fpu vme de pse tsc msr pae mce cx8 apic sep mtrr pge mca cmov pat pse36 clflush mmx fxsr sse sse2 ht syscall nx mmxext fxsr_opt pdpe1gb rdtscp lm 3dnowext 3dnow constant_tsc rep_good nopl nonstop_tsc extd_apicid aperfmperf pni monitor cx16 popcnt lahf_lm cmp_legacy svm extapic cr8_legacy abm sse4a misalignsse 3dnowprefetch osvw ibs skinit wdt arat cpb hw_pstate npt lbrv svm_lock nrip_save pausefilter
bogomips	: 2796.43
TLB size	: 1536 4K pages
clflush size	: 64
cache_alignment	: 64
address sizes	: 40 bits physical, 48 bits virtual
power management: ts ttp tm stc 100mhzsteps hwpstate cpb

processor	: 1
vendor_id	: AuthenticAMD
cpu family	: 18
model		: 1
model name	: AMD A6-3400M APU with Radeon(tm) HD Graphics
stepping	: 0
microcode	: 0x3000027
cpu MHz		: 800.000
cache size	: 1024 KB
physical id	: 0
siblings	: 4
core id		: 1
cpu cores	: 4
apicid		: 1
initial apicid	: 1
fpu		: yes
fpu_exception	: yes
cpuid level	: 6
wp		: yes
flags		: fpu vme de pse tsc msr pae mce cx8 apic sep mtrr pge mca cmov pat pse36 clflush mmx fxsr sse sse2 ht syscall nx mmxext fxsr_opt pdpe1gb rdtscp lm 3dnowext 3dnow constant_tsc rep_good nopl nonstop_tsc extd_apicid aperfmperf pni monitor cx16 popcnt lahf_lm cmp_legacy svm extapic cr8_legacy abm sse4a misalignsse 3dnowprefetch osvw ibs skinit wdt arat cpb hw_pstate npt lbrv svm_lock nrip_save pausefilter
bogomips	: 2796.43
TLB size	: 1536 4K pages
clflush size	: 64
cache_alignment	: 64
address sizes	: 40 bits physical, 48 bits virtual
power management: ts ttp tm stc 100mhzsteps hwpstate cpb

processor	: 2
vendor_id	: AuthenticAMD
cpu family	: 18
model		: 1
model name	: AMD A6-3400M APU with Radeon(tm) HD Graphics
stepping	: 0
microcode	: 0x3000027
cpu MHz		: 1300.000
cache size	: 1024 KB
physical id	: 0
siblings	: 4
core id		: 2
cpu cores	: 4
apicid		: 2
initial apicid	: 2
fpu		: yes
fpu_exception	: yes
cpuid level	: 6
wp		: yes
flags		: fpu vme de pse tsc msr pae mce cx8 apic sep mtrr pge mca cmov pat pse36 clflush mmx fxsr sse sse2 ht syscall nx mmxext fxsr_opt pdpe1gb rdtscp lm 3dnowext 3dnow constant_tsc rep_good nopl nonstop_tsc extd_apicid aperfmperf pni monitor cx16 popcnt lahf_lm cmp_legacy svm extapic cr8_legacy abm sse4a misalignsse 3dnowprefetch osvw ibs skinit wdt arat cpb hw_pstate npt lbrv svm_lock nrip_save pausefilter
bogomips	: 2796.43
TLB size	: 1536 4K pages
clflush size	: 64
cache_alignment	: 64
address sizes	: 40 bits physical, 48 bits virtual
power management: ts ttp tm stc 100mhzsteps hwpstate cpb

processor	: 3
vendor_id	: AuthenticAMD
cpu family	: 18
model		: 1
model name	: AMD A6-3400M APU with Radeon(tm) HD Graphics
stepping	: 0
microcode	: 0x3000027
cpu MHz		: 800.000
cache size	: 1024 KB
physical id	: 0
siblings	: 4
core id		: 3
cpu cores	: 4
apicid		: 3
initial apicid	: 3
fpu		: yes
fpu_exception	: yes
cpuid level	: 6
wp		: yes
flags		: fpu vme de pse tsc msr pae mce cx8 apic sep mtrr pge mca cmov pat pse36 clflush mmx fxsr sse sse2 ht syscall nx mmxext fxsr_opt pdpe1gb rdtscp lm 3dnowext 3dnow constant_tsc rep_good nopl nonstop_tsc extd_apicid aperfmperf pni monitor cx16 popcnt lahf_lm cmp_legacy svm extapic cr8_legacy abm sse4a misalignsse 3dnowprefetch osvw ibs skinit wdt arat cpb hw_pstate npt lbrv svm_lock nrip_save pausefilter
bogomips	: 2796.43
TLB size	: 1536 4K pages
clflush size	: 64
cache_alignment	: 64
address sizes	: 40 bits physical, 48 bits virtual
power management: ts ttp tm stc 100mhzsteps hwpstate cpb



Memory: 4k page, physical 7639160k(3325672k free), swap 530140k(530140k free)

vm_info: Java HotSpot(TM) Server VM (20.1-b02) for linux-x86 JRE (1.6.0_26-b03), built on May  4 2011 01:04:10 by "java_re" with gcc 3.2.1-7a (J2SE release)

time: Tue Jan 28 23:41:47 2014
elapsed time: 0 seconds

